<?xml version="1.0" encoding="UTF-8"?>
<!-- Generated by org.testng.reporters.JUnitReportReporter -->
<testsuite hostname="DESKTOP-T4C0IEI" failures="0" tests="1" name="Day_022_Action_class.TC04_Drag_And_Drop" time="22.257" errors="0" timestamp="2020-03-04T00:49:31 IST" skipped="0">
  <testcase classname="Day_022_Action_class.TC04_Drag_And_Drop" name="Login_Test" time="22.257"/>
</testsuite> <!-- Day_022_Action_class.TC04_Drag_And_Drop -->
