<?xml version="1.0" encoding="UTF-8"?>
<!-- Generated by org.testng.reporters.JUnitReportReporter -->
<testsuite hostname="Saryu-PC" failures="0" tests="1" name="Day_035_Execute_Failed_TestCases.OrangeHRMTest" time="20.276" errors="0" timestamp="2019-12-21T07:42:35 IST" skipped="0">
  <testcase classname="Day_035_Execute_Failed_TestCases.OrangeHRMTest" name="Open_OrangeHRM" time="20.276"/>
</testsuite> <!-- Day_035_Execute_Failed_TestCases.OrangeHRMTest -->
