<?xml version="1.0" encoding="UTF-8"?>
<!-- Generated by org.testng.reporters.JUnitReportReporter -->
<testsuite hostname="Saryu-PC" failures="0" tests="1" name="Day_035_Execute_Failed_TestCases.MercuryTest" time="38.612" errors="0" timestamp="2019-12-21T07:45:03 IST" skipped="0">
  <testcase classname="Day_035_Execute_Failed_TestCases.MercuryTest" name="Open_Mercury" time="38.612"/>
</testsuite> <!-- Day_035_Execute_Failed_TestCases.MercuryTest -->
