<?xml version="1.0" encoding="UTF-8"?>
<!-- Generated by org.testng.reporters.JUnitReportReporter -->
<testsuite hostname="Saryu-PC" failures="0" tests="1" name="Day_003_Locators.TC08_tagName" time="13.916" errors="0" timestamp="2019-12-17T18:49:38 IST" skipped="0">
  <testcase classname="Day_003_Locators.TC08_tagName" name="Test2" time="13.916"/>
</testsuite> <!-- Day_003_Locators.TC08_tagName -->
