<?xml version="1.0" encoding="UTF-8"?>
<!-- Generated by org.testng.reporters.JUnitReportReporter -->
<testsuite hostname="Saryu-PC" failures="0" tests="1" name="Day_033_TestNG_Annotations.AllTests" time="0.014" errors="0" timestamp="2019-12-21T07:49:07 IST" skipped="0">
  <testcase classname="Day_033_TestNG_Annotations.AllTests" name="Test4" time="0.014"/>
</testsuite> <!-- Day_033_TestNG_Annotations.AllTests -->
