<?xml version="1.0" encoding="UTF-8"?>
<!-- Generated by org.testng.reporters.JUnitReportReporter -->
<testsuite hostname="DESKTOP-T4C0IEI" failures="0" tests="1" name="Day_002_Java.TC03_Login_Static_Paarameters" time="26.107" errors="0" timestamp="2020-02-08T23:01:56 IST" skipped="0">
  <testcase classname="Day_002_Java.TC03_Login_Static_Paarameters" name="Login_Test" time="26.107"/>
</testsuite> <!-- Day_002_Java.TC03_Login_Static_Paarameters -->
