<?xml version="1.0" encoding="UTF-8"?>
<!-- Generated by org.testng.reporters.JUnitReportReporter -->
<testsuite hostname="Saryu-PC" failures="0" tests="1" name="Day_35_Execute_Failed_TestCases.MercuryTest" time="13.415" errors="0" timestamp="2019-11-27T03:11:13 IST" skipped="0">
  <testcase classname="Day_35_Execute_Failed_TestCases.MercuryTest" name="Open_Mercury" time="13.415"/>
</testsuite> <!-- Day_35_Execute_Failed_TestCases.MercuryTest -->
