<?xml version="1.0" encoding="UTF-8"?>
<!-- Generated by org.testng.reporters.JUnitReportReporter -->
<testsuite hostname="DESKTOP-T4C0IEI" failures="0" tests="1" name="Day_022_Action_class.TC01_Mouse_Hover_Action" time="20.020" errors="0" timestamp="2020-03-04T00:43:07 IST" skipped="0">
  <testcase classname="Day_022_Action_class.TC01_Mouse_Hover_Action" name="Login_Test" time="20.020"/>
</testsuite> <!-- Day_022_Action_class.TC01_Mouse_Hover_Action -->
