<?xml version="1.0" encoding="UTF-8"?>
<!-- Generated by org.testng.reporters.JUnitReportReporter -->
<testsuite hostname="Saryu-PC" failures="0" tests="1" name="Day_36_Desired_Capabilities.IEtestforDesiredCapabilities" time="9.162" errors="0" timestamp="2019-12-17T02:09:11 IST" skipped="0">
  <testcase classname="Day_36_Desired_Capabilities.IEtestforDesiredCapabilities" name="Open_OrangeHRM" time="9.162"/>
</testsuite> <!-- Day_36_Desired_Capabilities.IEtestforDesiredCapabilities -->
