<?xml version="1.0" encoding="UTF-8"?>
<!-- Generated by org.testng.reporters.JUnitReportReporter -->
<testsuite hostname="Saryu-PC" failures="0" tests="1" name="Day_021_Java_Script_Executer.TC03_Scroll_by_pixel" time="11.700" errors="0" timestamp="2019-11-11T16:30:00 IST" skipped="0">
  <testcase classname="Day_021_Java_Script_Executer.TC03_Scroll_by_pixel" name="ByPixel" time="11.700"/>
</testsuite> <!-- Day_021_Java_Script_Executer.TC03_Scroll_by_pixel -->
