<?xml version="1.0" encoding="UTF-8"?>
<!-- Generated by org.testng.reporters.JUnitReportReporter -->
<testsuite hostname="Saryu-PC" failures="0" tests="1" name="Day_027_Alerts.DemoWebAlert" time="22.311" errors="0" timestamp="2019-11-12T07:21:43 IST" skipped="0">
  <testcase classname="Day_027_Alerts.DemoWebAlert" name="Test6" time="22.311"/>
</testsuite> <!-- Day_027_Alerts.DemoWebAlert -->
