<?xml version="1.0" encoding="UTF-8"?>
<!-- Generated by org.testng.reporters.JUnitReportReporter -->
<testsuite hostname="Saryu-PC" failures="0" tests="1" name="Day_022_Action_class.TC02_Double_Click" time="13.222" errors="0" timestamp="2019-12-23T06:21:59 IST" skipped="0">
  <testcase classname="Day_022_Action_class.TC02_Double_Click" name="Login_Test" time="13.222"/>
</testsuite> <!-- Day_022_Action_class.TC02_Double_Click -->
