<?xml version="1.0" encoding="UTF-8"?>
<!-- Generated by org.testng.reporters.JUnitReportReporter -->
<testsuite hostname="DESKTOP-T4C0IEI" failures="0" tests="1" name="Day_002_Java.TC01_Login" time="19.491" errors="0" timestamp="2020-02-01T16:37:06 IST" skipped="0">
  <testcase classname="Day_002_Java.TC01_Login" name="Login_Test" time="19.491"/>
</testsuite> <!-- Day_002_Java.TC01_Login -->
