<?xml version="1.0" encoding="UTF-8"?>
<!-- Generated by org.testng.reporters.JUnitReportReporter -->
<testsuite hostname="Saryu-PC" failures="0" tests="1" name="Day_024_Advanced_Xpaths.TC009_Preceding" time="9.819" errors="0" timestamp="2019-11-12T14:38:11 IST" skipped="0">
  <testcase classname="Day_024_Advanced_Xpaths.TC009_Preceding" name="Test1" time="9.819"/>
</testsuite> <!-- Day_024_Advanced_Xpaths.TC009_Preceding -->
