<?xml version="1.0" encoding="UTF-8"?>
<!-- Generated by org.testng.reporters.JUnitReportReporter -->
<testsuite hostname="Saryu-PC" failures="0" tests="1" name="Day_022_Action_class.TC01_Mouse_Hover_Action3" time="20.194" errors="0" timestamp="2019-12-23T06:17:51 IST" skipped="0">
  <testcase classname="Day_022_Action_class.TC01_Mouse_Hover_Action3" name="Login_Test" time="20.194"/>
</testsuite> <!-- Day_022_Action_class.TC01_Mouse_Hover_Action3 -->
