<?xml version="1.0" encoding="UTF-8"?>
<!-- Generated by org.testng.reporters.JUnitReportReporter -->
<testsuite hostname="Saryu-PC" failures="0" tests="1" name="Day_020_Multiple_Windows.TC01_Open_Three_Tabs" time="20.830" errors="0" timestamp="2019-11-11T21:11:43 IST" skipped="0">
  <testcase classname="Day_020_Multiple_Windows.TC01_Open_Three_Tabs" name="Login_Test" time="20.830"/>
</testsuite> <!-- Day_020_Multiple_Windows.TC01_Open_Three_Tabs -->
