<?xml version="1.0" encoding="UTF-8"?>
<!-- Generated by org.testng.reporters.JUnitReportReporter -->
<testsuite hostname="DESKTOP-T4C0IEI" failures="0" tests="1" name="Day_029_PageObjectModel.TC01_Add_Skills" time="6.181" errors="0" timestamp="2020-02-23T01:15:11 IST" skipped="0">
  <testcase classname="Day_029_PageObjectModel.TC01_Add_Skills" name="Book_OneWay_Flight" time="6.181"/>
</testsuite> <!-- Day_029_PageObjectModel.TC01_Add_Skills -->
