<?xml version="1.0" encoding="UTF-8"?>
<!-- Generated by org.testng.reporters.JUnitReportReporter -->
<testsuite hostname="Saryu-PC" failures="0" tests="1" name="Day_032_TestNG_Groups.AllTests" time="16.679" errors="0" timestamp="2019-12-17T01:33:58 IST" skipped="0">
  <testcase classname="Day_032_TestNG_Groups.AllTests" name="OrangeHRM" time="16.679"/>
</testsuite> <!-- Day_032_TestNG_Groups.AllTests -->
