<?xml version="1.0" encoding="UTF-8"?>
<!-- Generated by org.testng.reporters.JUnitReportReporter -->
<testsuite hostname="DESKTOP-T4C0IEI" failures="0" tests="1" name="Day_022_Action_class.TC03_Context_Menu" time="15.523" errors="0" timestamp="2020-03-04T00:51:34 IST" skipped="0">
  <testcase classname="Day_022_Action_class.TC03_Context_Menu" name="Login_Test" time="15.523"/>
</testsuite> <!-- Day_022_Action_class.TC03_Context_Menu -->
