<?xml version="1.0" encoding="UTF-8"?>
<!-- Generated by org.testng.reporters.JUnitReportReporter -->
<testsuite hostname="Saryu-PC" failures="0" tests="1" name="Day_024_Advanced_Xpaths.TC006_Following" time="20.463" errors="0" timestamp="2019-11-12T07:01:32 IST" skipped="0">
  <testcase classname="Day_024_Advanced_Xpaths.TC006_Following" name="Test1" time="20.463"/>
</testsuite> <!-- Day_024_Advanced_Xpaths.TC006_Following -->
