<?xml version="1.0" encoding="UTF-8"?>
<!-- Generated by org.testng.reporters.JUnitReportReporter -->
<testsuite hostname="Saryu-PC" failures="0" tests="1" name="Day_004_Dropdown.Listbox2" time="31.451" errors="0" timestamp="2019-12-21T04:41:42 IST" skipped="0">
  <testcase classname="Day_004_Dropdown.Listbox2" name="Test1" time="31.451"/>
</testsuite> <!-- Day_004_Dropdown.Listbox2 -->
