<?xml version="1.0" encoding="UTF-8"?>
<!-- Generated by org.testng.reporters.JUnitReportReporter -->
<testsuite hostname="DESKTOP-T4C0IEI" failures="0" tests="1" name="Day_001_Demo.TC03_Driver_Navigate_back" time="29.346" errors="0" timestamp="2020-02-08T22:51:30 IST" skipped="0">
  <testcase classname="Day_001_Demo.TC03_Driver_Navigate_back" name="login_test" time="29.346"/>
</testsuite> <!-- Day_001_Demo.TC03_Driver_Navigate_back -->
