<?xml version="1.0" encoding="UTF-8"?>
<!-- Generated by org.testng.reporters.JUnitReportReporter -->
<testsuite hostname="Saryu-PC" failures="0" tests="1" name="Day_021_Java_Script_Executer.TC02_Send_Keys" time="19.200" errors="0" timestamp="2019-11-11T16:23:26 IST" skipped="0">
  <testcase classname="Day_021_Java_Script_Executer.TC02_Send_Keys" name="Login" time="19.200"/>
</testsuite> <!-- Day_021_Java_Script_Executer.TC02_Send_Keys -->
