<?xml version="1.0" encoding="UTF-8"?>
<!-- Generated by org.testng.reporters.JUnitReportReporter -->
<testsuite hostname="Saryu-PC" failures="0" tests="1" name="Day_35_Execute_Failed_TestCases.OrangeHRMTest" time="24.516" errors="0" timestamp="2019-11-27T03:09:26 IST" skipped="0">
  <testcase classname="Day_35_Execute_Failed_TestCases.OrangeHRMTest" name="Open_OrangeHRM" time="24.516"/>
</testsuite> <!-- Day_35_Execute_Failed_TestCases.OrangeHRMTest -->
