<?xml version="1.0" encoding="UTF-8"?>
<!-- Generated by org.testng.reporters.JUnitReportReporter -->
<testsuite hostname="Saryu-PC" failures="0" tests="1" name="Day_37_BrokenLinks.BrokenLinks" time="29.188" errors="0" timestamp="2019-11-27T04:30:37 IST" skipped="0">
  <testcase classname="Day_37_BrokenLinks.BrokenLinks" name="Open_OrangeHRM" time="29.188"/>
</testsuite> <!-- Day_37_BrokenLinks.BrokenLinks -->
