<?xml version="1.0" encoding="UTF-8"?>
<!-- Generated by org.testng.reporters.JUnitReportReporter -->
<testsuite hostname="Saryu-PC" failures="0" tests="1" name="Day_024_Advanced_Xpaths.TC010_Following_Siblings" time="10.541" errors="0" timestamp="2019-11-12T14:41:12 IST" skipped="0">
  <testcase classname="Day_024_Advanced_Xpaths.TC010_Following_Siblings" name="Test1" time="10.541"/>
</testsuite> <!-- Day_024_Advanced_Xpaths.TC010_Following_Siblings -->
