<?xml version="1.0" encoding="UTF-8"?>
<!-- Generated by org.testng.reporters.JUnitReportReporter -->
<testsuite hostname="Saryu-PC" failures="0" tests="1" name="Day_019_Frames.FrameByIndex" time="16.431" errors="0" timestamp="2019-12-18T11:44:22 IST" skipped="0">
  <testcase classname="Day_019_Frames.FrameByIndex" name="Login_Test" time="16.431"/>
</testsuite> <!-- Day_019_Frames.FrameByIndex -->
