<?xml version="1.0" encoding="UTF-8"?>
<!-- Generated by org.testng.reporters.JUnitReportReporter -->
<testsuite hostname="DESKTOP-T4C0IEI" failures="0" tests="1" name="Day_029_PageObjectModel.TC01_Add_Jobs" time="13.188" errors="0" timestamp="2020-03-01T18:07:12 IST" skipped="0">
  <testcase classname="Day_029_PageObjectModel.TC01_Add_Jobs" name="Book_OneWay_Flight" time="13.188"/>
</testsuite> <!-- Day_029_PageObjectModel.TC01_Add_Jobs -->
