<?xml version="1.0" encoding="UTF-8"?>
<!-- Generated by org.testng.reporters.JUnitReportReporter -->
<testsuite hostname="DESKTOP-T4C0IEI" failures="0" tests="1" name="Day_001_Demo.TC04_Driver_Navigate_Forward" time="43.315" errors="0" timestamp="2020-02-08T22:53:35 IST" skipped="0">
  <testcase classname="Day_001_Demo.TC04_Driver_Navigate_Forward" name="login_test" time="43.315"/>
</testsuite> <!-- Day_001_Demo.TC04_Driver_Navigate_Forward -->
